[2022-08-16 00:08:07] INFO - start server-starter graphql server at: '0.0.0.0:8643', apiKey: 'override-s...', certificates 'key.pem', 'cert.pem'
[2022-08-16 00:08:07] INFO - Starting 6 workers
[2022-08-16 00:08:07] INFO - Actix runtime found; starting in Actix runtime
[2022-08-16 00:08:11] DEBUG - send frame=Settings { flags: (0x0) }
[2022-08-16 00:08:11] DEBUG - Connection; peer=Server
[2022-08-16 00:08:11] DEBUG - received frame=Settings { flags: (0x0), header_table_size: 65536, initial_window_size: 131072, max_frame_size: 16384 }
[2022-08-16 00:08:11] DEBUG - send frame=Settings { flags: (0x1: ACK) }
[2022-08-16 00:08:11] DEBUG - received frame=WindowUpdate { stream_id: StreamId(0), size_increment: 12517377 }
[2022-08-16 00:08:11] DEBUG - received frame=Priority { stream_id: StreamId(3), dependency: StreamDependency { dependency_id: StreamId(0), weight: 200, is_exclusive: false } }
[2022-08-16 00:08:11] DEBUG - received frame=Priority { stream_id: StreamId(5), dependency: StreamDependency { dependency_id: StreamId(0), weight: 100, is_exclusive: false } }
[2022-08-16 00:08:11] DEBUG - received frame=Priority { stream_id: StreamId(7), dependency: StreamDependency { dependency_id: StreamId(0), weight: 0, is_exclusive: false } }
[2022-08-16 00:08:11] DEBUG - received frame=Priority { stream_id: StreamId(9), dependency: StreamDependency { dependency_id: StreamId(7), weight: 0, is_exclusive: false } }
[2022-08-16 00:08:11] DEBUG - received frame=Priority { stream_id: StreamId(11), dependency: StreamDependency { dependency_id: StreamId(3), weight: 0, is_exclusive: false } }
[2022-08-16 00:08:11] DEBUG - received frame=Priority { stream_id: StreamId(13), dependency: StreamDependency { dependency_id: StreamId(0), weight: 240, is_exclusive: false } }
[2022-08-16 00:08:11] DEBUG - received frame=Headers { stream_id: StreamId(15), flags: (0x24: END_HEADERS | PRIORITY), stream_dep: StreamDependency { dependency_id: StreamId(7), weight: 21, is_exclusive: false } }
[2022-08-16 00:08:11] DEBUG - received frame=WindowUpdate { stream_id: StreamId(15), size_increment: 12451840 }
[2022-08-16 00:08:11] DEBUG - received frame=Data { stream_id: StreamId(15), flags: (0x1: END_STREAM) }
[2022-08-16 00:08:11] DEBUG - received frame=Settings { flags: (0x1: ACK) }
[2022-08-16 00:08:11] DEBUG - received settings ACK; applying Settings { flags: (0x0) }
[2022-08-16 00:08:11] DEBUG - send frame=Headers { stream_id: StreamId(15), flags: (0x4: END_HEADERS) }
[2022-08-16 00:08:11] DEBUG - send frame=Data { stream_id: StreamId(15) }
[2022-08-16 00:08:11] DEBUG - send frame=Data { stream_id: StreamId(15) }
[2022-08-16 00:08:11] DEBUG - send frame=Data { stream_id: StreamId(15), flags: (0x1: END_STREAM) }
[2022-08-16 00:08:14] DEBUG - received frame=Headers { stream_id: StreamId(17), flags: (0x24: END_HEADERS | PRIORITY), stream_dep: StreamDependency { dependency_id: StreamId(7), weight: 21, is_exclusive: false } }
[2022-08-16 00:08:14] DEBUG - received frame=WindowUpdate { stream_id: StreamId(17), size_increment: 12451840 }
[2022-08-16 00:08:14] DEBUG - received frame=Data { stream_id: StreamId(17), flags: (0x1: END_STREAM) }
[2022-08-16 00:08:14] DEBUG - send frame=Headers { stream_id: StreamId(17), flags: (0x4: END_HEADERS) }
[2022-08-16 00:08:14] DEBUG - send frame=Data { stream_id: StreamId(17) }
[2022-08-16 00:08:14] DEBUG - send frame=Data { stream_id: StreamId(17) }
[2022-08-16 00:08:14] DEBUG - send frame=Data { stream_id: StreamId(17), flags: (0x1: END_STREAM) }
[2022-08-16 00:08:17] DEBUG - received frame=Headers { stream_id: StreamId(19), flags: (0x24: END_HEADERS | PRIORITY), stream_dep: StreamDependency { dependency_id: StreamId(7), weight: 21, is_exclusive: false } }
[2022-08-16 00:08:17] DEBUG - received frame=WindowUpdate { stream_id: StreamId(19), size_increment: 12451840 }
[2022-08-16 00:08:17] DEBUG - received frame=Data { stream_id: StreamId(19), flags: (0x1: END_STREAM) }
[2022-08-16 00:08:17] DEBUG - send frame=Headers { stream_id: StreamId(19), flags: (0x4: END_HEADERS) }
[2022-08-16 00:08:17] DEBUG - send frame=Data { stream_id: StreamId(19) }
[2022-08-16 00:08:17] DEBUG - send frame=Data { stream_id: StreamId(19) }
[2022-08-16 00:08:17] DEBUG - send frame=Data { stream_id: StreamId(19), flags: (0x1: END_STREAM) }
[2022-08-16 00:08:20] DEBUG - received frame=Headers { stream_id: StreamId(21), flags: (0x24: END_HEADERS | PRIORITY), stream_dep: StreamDependency { dependency_id: StreamId(7), weight: 21, is_exclusive: false } }
[2022-08-16 00:08:20] DEBUG - received frame=WindowUpdate { stream_id: StreamId(21), size_increment: 12451840 }
[2022-08-16 00:08:20] DEBUG - received frame=Data { stream_id: StreamId(21), flags: (0x1: END_STREAM) }
[2022-08-16 00:08:20] DEBUG - send frame=Headers { stream_id: StreamId(21), flags: (0x4: END_HEADERS) }
[2022-08-16 00:08:20] DEBUG - send frame=Data { stream_id: StreamId(21) }
[2022-08-16 00:08:20] DEBUG - send frame=Data { stream_id: StreamId(21) }
[2022-08-16 00:08:20] DEBUG - send frame=Data { stream_id: StreamId(21), flags: (0x1: END_STREAM) }
[2022-08-16 00:08:23] DEBUG - received frame=Headers { stream_id: StreamId(23), flags: (0x24: END_HEADERS | PRIORITY), stream_dep: StreamDependency { dependency_id: StreamId(7), weight: 21, is_exclusive: false } }
[2022-08-16 00:08:23] DEBUG - received frame=WindowUpdate { stream_id: StreamId(23), size_increment: 12451840 }
[2022-08-16 00:08:23] DEBUG - received frame=Data { stream_id: StreamId(23), flags: (0x1: END_STREAM) }
[2022-08-16 00:08:23] DEBUG - send frame=Headers { stream_id: StreamId(23), flags: (0x4: END_HEADERS) }
[2022-08-16 00:08:23] DEBUG - send frame=Data { stream_id: StreamId(23) }
[2022-08-16 00:08:23] DEBUG - send frame=Data { stream_id: StreamId(23) }
[2022-08-16 00:08:23] DEBUG - send frame=Data { stream_id: StreamId(23), flags: (0x1: END_STREAM) }
[2022-08-16 00:08:26] DEBUG - received frame=Headers { stream_id: StreamId(25), flags: (0x24: END_HEADERS | PRIORITY), stream_dep: StreamDependency { dependency_id: StreamId(7), weight: 21, is_exclusive: false } }
[2022-08-16 00:08:26] DEBUG - received frame=WindowUpdate { stream_id: StreamId(25), size_increment: 12451840 }
[2022-08-16 00:08:26] DEBUG - received frame=Data { stream_id: StreamId(25), flags: (0x1: END_STREAM) }
[2022-08-16 00:08:26] DEBUG - send frame=Headers { stream_id: StreamId(25), flags: (0x4: END_HEADERS) }
[2022-08-16 00:08:26] DEBUG - send frame=Data { stream_id: StreamId(25) }
[2022-08-16 00:08:26] DEBUG - send frame=Data { stream_id: StreamId(25) }
[2022-08-16 00:08:26] DEBUG - send frame=Data { stream_id: StreamId(25), flags: (0x1: END_STREAM) }
[2022-08-16 00:08:29] DEBUG - received frame=Headers { stream_id: StreamId(27), flags: (0x24: END_HEADERS | PRIORITY), stream_dep: StreamDependency { dependency_id: StreamId(7), weight: 21, is_exclusive: false } }
[2022-08-16 00:08:29] DEBUG - received frame=WindowUpdate { stream_id: StreamId(27), size_increment: 12451840 }
[2022-08-16 00:08:29] DEBUG - received frame=Data { stream_id: StreamId(27), flags: (0x1: END_STREAM) }
[2022-08-16 00:08:29] DEBUG - send frame=Headers { stream_id: StreamId(27), flags: (0x4: END_HEADERS) }
[2022-08-16 00:08:29] DEBUG - send frame=Data { stream_id: StreamId(27) }
[2022-08-16 00:08:29] DEBUG - send frame=Data { stream_id: StreamId(27) }
[2022-08-16 00:08:29] DEBUG - send frame=Data { stream_id: StreamId(27), flags: (0x1: END_STREAM) }
[2022-08-16 00:08:32] DEBUG - received frame=Headers { stream_id: StreamId(29), flags: (0x24: END_HEADERS | PRIORITY), stream_dep: StreamDependency { dependency_id: StreamId(7), weight: 21, is_exclusive: false } }
[2022-08-16 00:08:32] DEBUG - received frame=WindowUpdate { stream_id: StreamId(29), size_increment: 12451840 }
[2022-08-16 00:08:32] DEBUG - received frame=Data { stream_id: StreamId(29), flags: (0x1: END_STREAM) }
[2022-08-16 00:08:32] DEBUG - send frame=Headers { stream_id: StreamId(29), flags: (0x4: END_HEADERS) }
[2022-08-16 00:08:32] DEBUG - send frame=Data { stream_id: StreamId(29) }
[2022-08-16 00:08:32] DEBUG - send frame=Data { stream_id: StreamId(29) }
[2022-08-16 00:08:32] DEBUG - send frame=Data { stream_id: StreamId(29), flags: (0x1: END_STREAM) }
[2022-08-16 00:08:35] DEBUG - received frame=Headers { stream_id: StreamId(31), flags: (0x24: END_HEADERS | PRIORITY), stream_dep: StreamDependency { dependency_id: StreamId(7), weight: 21, is_exclusive: false } }
[2022-08-16 00:08:35] DEBUG - received frame=WindowUpdate { stream_id: StreamId(31), size_increment: 12451840 }
[2022-08-16 00:08:35] DEBUG - received frame=Data { stream_id: StreamId(31), flags: (0x1: END_STREAM) }
[2022-08-16 00:08:35] DEBUG - send frame=Headers { stream_id: StreamId(31), flags: (0x4: END_HEADERS) }
[2022-08-16 00:08:35] DEBUG - send frame=Data { stream_id: StreamId(31) }
[2022-08-16 00:08:35] DEBUG - send frame=Data { stream_id: StreamId(31) }
[2022-08-16 00:08:35] DEBUG - send frame=Data { stream_id: StreamId(31), flags: (0x1: END_STREAM) }
[2022-08-16 00:08:38] DEBUG - received frame=Headers { stream_id: StreamId(33), flags: (0x24: END_HEADERS | PRIORITY), stream_dep: StreamDependency { dependency_id: StreamId(7), weight: 21, is_exclusive: false } }
[2022-08-16 00:08:38] DEBUG - received frame=WindowUpdate { stream_id: StreamId(33), size_increment: 12451840 }
[2022-08-16 00:08:38] DEBUG - received frame=Data { stream_id: StreamId(33), flags: (0x1: END_STREAM) }
[2022-08-16 00:08:38] DEBUG - send frame=Headers { stream_id: StreamId(33), flags: (0x4: END_HEADERS) }
[2022-08-16 00:08:38] DEBUG - send frame=Data { stream_id: StreamId(33) }
[2022-08-16 00:08:38] DEBUG - send frame=Data { stream_id: StreamId(33) }
[2022-08-16 00:08:38] DEBUG - send frame=Data { stream_id: StreamId(33), flags: (0x1: END_STREAM) }
[2022-08-16 00:08:41] DEBUG - send frame=Ping { ack: false, payload: [59, 124, 219, 122, 11, 135, 22, 180] }
[2022-08-16 00:08:41] DEBUG - received frame=Ping { ack: true, payload: [59, 124, 219, 122, 11, 135, 22, 180] }
[2022-08-16 00:08:41] DEBUG - received frame=Headers { stream_id: StreamId(35), flags: (0x24: END_HEADERS | PRIORITY), stream_dep: StreamDependency { dependency_id: StreamId(7), weight: 21, is_exclusive: false } }
[2022-08-16 00:08:41] DEBUG - received frame=WindowUpdate { stream_id: StreamId(35), size_increment: 12451840 }
[2022-08-16 00:08:41] DEBUG - received frame=Data { stream_id: StreamId(35), flags: (0x1: END_STREAM) }
[2022-08-16 00:08:41] DEBUG - send frame=Headers { stream_id: StreamId(35), flags: (0x4: END_HEADERS) }
[2022-08-16 00:08:41] DEBUG - send frame=Data { stream_id: StreamId(35) }
[2022-08-16 00:08:41] DEBUG - send frame=Data { stream_id: StreamId(35) }
[2022-08-16 00:08:41] DEBUG - send frame=Data { stream_id: StreamId(35), flags: (0x1: END_STREAM) }
[2022-08-16 00:08:44] DEBUG - received frame=Headers { stream_id: StreamId(37), flags: (0x24: END_HEADERS | PRIORITY), stream_dep: StreamDependency { dependency_id: StreamId(7), weight: 21, is_exclusive: false } }
[2022-08-16 00:08:44] DEBUG - received frame=WindowUpdate { stream_id: StreamId(37), size_increment: 12451840 }
[2022-08-16 00:08:44] DEBUG - received frame=Data { stream_id: StreamId(37), flags: (0x1: END_STREAM) }
[2022-08-16 00:08:44] DEBUG - send frame=Headers { stream_id: StreamId(37), flags: (0x4: END_HEADERS) }
[2022-08-16 00:08:44] DEBUG - send frame=Data { stream_id: StreamId(37) }
[2022-08-16 00:08:44] DEBUG - send frame=Data { stream_id: StreamId(37) }
[2022-08-16 00:08:44] DEBUG - send frame=Data { stream_id: StreamId(37), flags: (0x1: END_STREAM) }
[2022-08-16 00:08:47] DEBUG - received frame=Headers { stream_id: StreamId(39), flags: (0x24: END_HEADERS | PRIORITY), stream_dep: StreamDependency { dependency_id: StreamId(7), weight: 21, is_exclusive: false } }
[2022-08-16 00:08:47] DEBUG - received frame=WindowUpdate { stream_id: StreamId(39), size_increment: 12451840 }
[2022-08-16 00:08:47] DEBUG - received frame=Data { stream_id: StreamId(39), flags: (0x1: END_STREAM) }
[2022-08-16 00:08:47] DEBUG - send frame=Headers { stream_id: StreamId(39), flags: (0x4: END_HEADERS) }
[2022-08-16 00:08:47] DEBUG - send frame=Data { stream_id: StreamId(39) }
[2022-08-16 00:08:47] DEBUG - send frame=Data { stream_id: StreamId(39) }
[2022-08-16 00:08:47] DEBUG - send frame=Data { stream_id: StreamId(39), flags: (0x1: END_STREAM) }
[2022-08-16 00:08:50] DEBUG - received frame=Headers { stream_id: StreamId(41), flags: (0x24: END_HEADERS | PRIORITY), stream_dep: StreamDependency { dependency_id: StreamId(7), weight: 21, is_exclusive: false } }
[2022-08-16 00:08:50] DEBUG - received frame=WindowUpdate { stream_id: StreamId(41), size_increment: 12451840 }
[2022-08-16 00:08:50] DEBUG - received frame=Data { stream_id: StreamId(41), flags: (0x1: END_STREAM) }
[2022-08-16 00:08:50] DEBUG - send frame=Headers { stream_id: StreamId(41), flags: (0x4: END_HEADERS) }
[2022-08-16 00:08:50] DEBUG - send frame=Data { stream_id: StreamId(41) }
[2022-08-16 00:08:50] DEBUG - send frame=Data { stream_id: StreamId(41) }
[2022-08-16 00:08:50] DEBUG - send frame=Data { stream_id: StreamId(41), flags: (0x1: END_STREAM) }
[2022-08-16 00:08:54] DEBUG - received frame=Headers { stream_id: StreamId(43), flags: (0x24: END_HEADERS | PRIORITY), stream_dep: StreamDependency { dependency_id: StreamId(7), weight: 21, is_exclusive: false } }
[2022-08-16 00:08:54] DEBUG - received frame=WindowUpdate { stream_id: StreamId(43), size_increment: 12451840 }
[2022-08-16 00:08:54] DEBUG - received frame=Data { stream_id: StreamId(43), flags: (0x1: END_STREAM) }
[2022-08-16 00:08:54] DEBUG - send frame=WindowUpdate { stream_id: StreamId(0), size_increment: 22020 }
[2022-08-16 00:08:54] DEBUG - send frame=Headers { stream_id: StreamId(43), flags: (0x4: END_HEADERS) }
[2022-08-16 00:08:54] DEBUG - send frame=Data { stream_id: StreamId(43) }
[2022-08-16 00:08:54] DEBUG - send frame=Data { stream_id: StreamId(43) }
[2022-08-16 00:08:54] DEBUG - send frame=Data { stream_id: StreamId(43), flags: (0x1: END_STREAM) }
[2022-08-16 00:08:57] DEBUG - received frame=Headers { stream_id: StreamId(45), flags: (0x24: END_HEADERS | PRIORITY), stream_dep: StreamDependency { dependency_id: StreamId(7), weight: 21, is_exclusive: false } }
[2022-08-16 00:08:57] DEBUG - received frame=WindowUpdate { stream_id: StreamId(45), size_increment: 12451840 }
[2022-08-16 00:08:57] DEBUG - received frame=Data { stream_id: StreamId(45), flags: (0x1: END_STREAM) }
[2022-08-16 00:08:57] DEBUG - send frame=Headers { stream_id: StreamId(45), flags: (0x4: END_HEADERS) }
[2022-08-16 00:08:57] DEBUG - send frame=Data { stream_id: StreamId(45) }
[2022-08-16 00:08:57] DEBUG - send frame=Data { stream_id: StreamId(45) }
[2022-08-16 00:08:57] DEBUG - send frame=Data { stream_id: StreamId(45), flags: (0x1: END_STREAM) }
[2022-08-16 00:09:00] DEBUG - received frame=Headers { stream_id: StreamId(47), flags: (0x24: END_HEADERS | PRIORITY), stream_dep: StreamDependency { dependency_id: StreamId(7), weight: 21, is_exclusive: false } }
[2022-08-16 00:09:00] DEBUG - received frame=WindowUpdate { stream_id: StreamId(47), size_increment: 12451840 }
[2022-08-16 00:09:00] DEBUG - received frame=Data { stream_id: StreamId(47), flags: (0x1: END_STREAM) }
[2022-08-16 00:09:00] DEBUG - send frame=Headers { stream_id: StreamId(47), flags: (0x4: END_HEADERS) }
[2022-08-16 00:09:00] DEBUG - send frame=Data { stream_id: StreamId(47) }
[2022-08-16 00:09:00] DEBUG - send frame=Data { stream_id: StreamId(47) }
[2022-08-16 00:09:00] DEBUG - send frame=Data { stream_id: StreamId(47), flags: (0x1: END_STREAM) }
[2022-08-16 00:09:03] DEBUG - received frame=Headers { stream_id: StreamId(49), flags: (0x24: END_HEADERS | PRIORITY), stream_dep: StreamDependency { dependency_id: StreamId(7), weight: 21, is_exclusive: false } }
[2022-08-16 00:09:03] DEBUG - received frame=WindowUpdate { stream_id: StreamId(49), size_increment: 12451840 }
[2022-08-16 00:09:03] DEBUG - received frame=Data { stream_id: StreamId(49), flags: (0x1: END_STREAM) }
[2022-08-16 00:09:03] DEBUG - send frame=Headers { stream_id: StreamId(49), flags: (0x4: END_HEADERS) }
[2022-08-16 00:09:03] DEBUG - send frame=Data { stream_id: StreamId(49) }
[2022-08-16 00:09:03] DEBUG - send frame=Data { stream_id: StreamId(49) }
[2022-08-16 00:09:03] DEBUG - send frame=Data { stream_id: StreamId(49), flags: (0x1: END_STREAM) }
[2022-08-16 00:09:06] DEBUG - received frame=Headers { stream_id: StreamId(51), flags: (0x24: END_HEADERS | PRIORITY), stream_dep: StreamDependency { dependency_id: StreamId(7), weight: 21, is_exclusive: false } }
[2022-08-16 00:09:06] DEBUG - received frame=WindowUpdate { stream_id: StreamId(51), size_increment: 12451840 }
[2022-08-16 00:09:06] DEBUG - received frame=Data { stream_id: StreamId(51), flags: (0x1: END_STREAM) }
[2022-08-16 00:09:06] DEBUG - send frame=Headers { stream_id: StreamId(51), flags: (0x4: END_HEADERS) }
[2022-08-16 00:09:06] DEBUG - send frame=Data { stream_id: StreamId(51) }
[2022-08-16 00:09:06] DEBUG - send frame=Data { stream_id: StreamId(51) }
[2022-08-16 00:09:06] DEBUG - send frame=Data { stream_id: StreamId(51), flags: (0x1: END_STREAM) }
[2022-08-16 00:09:09] DEBUG - received frame=Headers { stream_id: StreamId(53), flags: (0x24: END_HEADERS | PRIORITY), stream_dep: StreamDependency { dependency_id: StreamId(7), weight: 21, is_exclusive: false } }
[2022-08-16 00:09:09] DEBUG - received frame=WindowUpdate { stream_id: StreamId(53), size_increment: 12451840 }
[2022-08-16 00:09:09] DEBUG - received frame=Data { stream_id: StreamId(53), flags: (0x1: END_STREAM) }
[2022-08-16 00:09:09] DEBUG - send frame=Headers { stream_id: StreamId(53), flags: (0x4: END_HEADERS) }
[2022-08-16 00:09:09] DEBUG - send frame=Data { stream_id: StreamId(53) }
[2022-08-16 00:09:09] DEBUG - send frame=Data { stream_id: StreamId(53) }
[2022-08-16 00:09:09] DEBUG - send frame=Data { stream_id: StreamId(53), flags: (0x1: END_STREAM) }
[2022-08-16 00:09:11] DEBUG - send frame=Ping { ack: false, payload: [59, 124, 219, 122, 11, 135, 22, 180] }
[2022-08-16 00:09:11] DEBUG - received frame=Ping { ack: true, payload: [59, 124, 219, 122, 11, 135, 22, 180] }
[2022-08-16 00:09:12] DEBUG - received frame=Headers { stream_id: StreamId(55), flags: (0x24: END_HEADERS | PRIORITY), stream_dep: StreamDependency { dependency_id: StreamId(7), weight: 21, is_exclusive: false } }
[2022-08-16 00:09:12] DEBUG - received frame=WindowUpdate { stream_id: StreamId(55), size_increment: 12451840 }
[2022-08-16 00:09:12] DEBUG - received frame=Data { stream_id: StreamId(55), flags: (0x1: END_STREAM) }
[2022-08-16 00:09:12] DEBUG - send frame=Headers { stream_id: StreamId(55), flags: (0x4: END_HEADERS) }
[2022-08-16 00:09:12] DEBUG - send frame=Data { stream_id: StreamId(55) }
[2022-08-16 00:09:12] DEBUG - send frame=Data { stream_id: StreamId(55) }
[2022-08-16 00:09:12] DEBUG - send frame=Data { stream_id: StreamId(55), flags: (0x1: END_STREAM) }
[2022-08-16 00:09:15] DEBUG - received frame=Headers { stream_id: StreamId(57), flags: (0x24: END_HEADERS | PRIORITY), stream_dep: StreamDependency { dependency_id: StreamId(7), weight: 21, is_exclusive: false } }
[2022-08-16 00:09:15] DEBUG - received frame=WindowUpdate { stream_id: StreamId(57), size_increment: 12451840 }
[2022-08-16 00:09:15] DEBUG - received frame=Data { stream_id: StreamId(57), flags: (0x1: END_STREAM) }
[2022-08-16 00:09:15] DEBUG - send frame=Headers { stream_id: StreamId(57), flags: (0x4: END_HEADERS) }
[2022-08-16 00:09:15] DEBUG - send frame=Data { stream_id: StreamId(57) }
[2022-08-16 00:09:15] DEBUG - send frame=Data { stream_id: StreamId(57) }
[2022-08-16 00:09:15] DEBUG - send frame=Data { stream_id: StreamId(57), flags: (0x1: END_STREAM) }
[2022-08-16 00:09:18] DEBUG - received frame=Headers { stream_id: StreamId(59), flags: (0x24: END_HEADERS | PRIORITY), stream_dep: StreamDependency { dependency_id: StreamId(7), weight: 21, is_exclusive: false } }
[2022-08-16 00:09:18] DEBUG - received frame=WindowUpdate { stream_id: StreamId(59), size_increment: 12451840 }
[2022-08-16 00:09:18] DEBUG - received frame=Data { stream_id: StreamId(59), flags: (0x1: END_STREAM) }
[2022-08-16 00:09:18] DEBUG - send frame=Headers { stream_id: StreamId(59), flags: (0x4: END_HEADERS) }
[2022-08-16 00:09:18] DEBUG - send frame=Data { stream_id: StreamId(59) }
[2022-08-16 00:09:18] DEBUG - send frame=Data { stream_id: StreamId(59) }
[2022-08-16 00:09:18] DEBUG - send frame=Data { stream_id: StreamId(59), flags: (0x1: END_STREAM) }
[2022-08-16 00:09:21] DEBUG - received frame=Headers { stream_id: StreamId(61), flags: (0x24: END_HEADERS | PRIORITY), stream_dep: StreamDependency { dependency_id: StreamId(7), weight: 21, is_exclusive: false } }
[2022-08-16 00:09:21] DEBUG - received frame=WindowUpdate { stream_id: StreamId(61), size_increment: 12451840 }
[2022-08-16 00:09:21] DEBUG - received frame=Data { stream_id: StreamId(61), flags: (0x1: END_STREAM) }
[2022-08-16 00:09:21] DEBUG - send frame=Headers { stream_id: StreamId(61), flags: (0x4: END_HEADERS) }
[2022-08-16 00:09:21] DEBUG - send frame=Data { stream_id: StreamId(61) }
[2022-08-16 00:09:21] DEBUG - send frame=Data { stream_id: StreamId(61) }
[2022-08-16 00:09:21] DEBUG - send frame=Data { stream_id: StreamId(61), flags: (0x1: END_STREAM) }
[2022-08-16 00:09:24] DEBUG - received frame=Headers { stream_id: StreamId(63), flags: (0x24: END_HEADERS | PRIORITY), stream_dep: StreamDependency { dependency_id: StreamId(7), weight: 21, is_exclusive: false } }
[2022-08-16 00:09:24] DEBUG - received frame=WindowUpdate { stream_id: StreamId(63), size_increment: 12451840 }
[2022-08-16 00:09:24] DEBUG - received frame=Data { stream_id: StreamId(63), flags: (0x1: END_STREAM) }
[2022-08-16 00:09:24] DEBUG - send frame=Headers { stream_id: StreamId(63), flags: (0x4: END_HEADERS) }
[2022-08-16 00:09:24] DEBUG - send frame=Data { stream_id: StreamId(63) }
[2022-08-16 00:09:24] DEBUG - send frame=Data { stream_id: StreamId(63) }
[2022-08-16 00:09:24] DEBUG - send frame=Data { stream_id: StreamId(63), flags: (0x1: END_STREAM) }
[2022-08-16 00:09:27] DEBUG - received frame=Headers { stream_id: StreamId(65), flags: (0x24: END_HEADERS | PRIORITY), stream_dep: StreamDependency { dependency_id: StreamId(7), weight: 21, is_exclusive: false } }
[2022-08-16 00:09:27] DEBUG - received frame=WindowUpdate { stream_id: StreamId(65), size_increment: 12451840 }
[2022-08-16 00:09:27] DEBUG - received frame=Data { stream_id: StreamId(65), flags: (0x1: END_STREAM) }
[2022-08-16 00:09:27] DEBUG - send frame=Headers { stream_id: StreamId(65), flags: (0x4: END_HEADERS) }
[2022-08-16 00:09:27] DEBUG - send frame=Data { stream_id: StreamId(65) }
[2022-08-16 00:09:27] DEBUG - send frame=Data { stream_id: StreamId(65) }
[2022-08-16 00:09:27] DEBUG - send frame=Data { stream_id: StreamId(65), flags: (0x1: END_STREAM) }
[2022-08-16 00:09:30] DEBUG - received frame=Headers { stream_id: StreamId(67), flags: (0x24: END_HEADERS | PRIORITY), stream_dep: StreamDependency { dependency_id: StreamId(7), weight: 21, is_exclusive: false } }
[2022-08-16 00:09:30] DEBUG - received frame=WindowUpdate { stream_id: StreamId(67), size_increment: 12451840 }
[2022-08-16 00:09:30] DEBUG - received frame=Data { stream_id: StreamId(67), flags: (0x1: END_STREAM) }
[2022-08-16 00:09:30] DEBUG - send frame=Headers { stream_id: StreamId(67), flags: (0x4: END_HEADERS) }
[2022-08-16 00:09:30] DEBUG - send frame=Data { stream_id: StreamId(67) }
[2022-08-16 00:09:30] DEBUG - send frame=Data { stream_id: StreamId(67) }
[2022-08-16 00:09:30] DEBUG - send frame=Data { stream_id: StreamId(67), flags: (0x1: END_STREAM) }
[2022-08-16 00:09:33] DEBUG - received frame=Headers { stream_id: StreamId(69), flags: (0x24: END_HEADERS | PRIORITY), stream_dep: StreamDependency { dependency_id: StreamId(7), weight: 21, is_exclusive: false } }
[2022-08-16 00:09:33] DEBUG - received frame=WindowUpdate { stream_id: StreamId(69), size_increment: 12451840 }
[2022-08-16 00:09:33] DEBUG - received frame=Data { stream_id: StreamId(69), flags: (0x1: END_STREAM) }
[2022-08-16 00:09:33] DEBUG - send frame=Headers { stream_id: StreamId(69), flags: (0x4: END_HEADERS) }
[2022-08-16 00:09:33] DEBUG - send frame=Data { stream_id: StreamId(69) }
[2022-08-16 00:09:33] DEBUG - send frame=Data { stream_id: StreamId(69) }
[2022-08-16 00:09:33] DEBUG - send frame=Data { stream_id: StreamId(69), flags: (0x1: END_STREAM) }
[2022-08-16 00:09:37] DEBUG - received frame=Headers { stream_id: StreamId(71), flags: (0x24: END_HEADERS | PRIORITY), stream_dep: StreamDependency { dependency_id: StreamId(7), weight: 21, is_exclusive: false } }
[2022-08-16 00:09:37] DEBUG - received frame=WindowUpdate { stream_id: StreamId(71), size_increment: 12451840 }
[2022-08-16 00:09:37] DEBUG - received frame=Data { stream_id: StreamId(71), flags: (0x1: END_STREAM) }
[2022-08-16 00:09:37] DEBUG - send frame=Headers { stream_id: StreamId(71), flags: (0x4: END_HEADERS) }
[2022-08-16 00:09:37] DEBUG - send frame=Data { stream_id: StreamId(71) }
[2022-08-16 00:09:37] DEBUG - send frame=Data { stream_id: StreamId(71) }
[2022-08-16 00:09:37] DEBUG - send frame=Data { stream_id: StreamId(71), flags: (0x1: END_STREAM) }
[2022-08-16 00:09:40] DEBUG - received frame=Headers { stream_id: StreamId(73), flags: (0x24: END_HEADERS | PRIORITY), stream_dep: StreamDependency { dependency_id: StreamId(7), weight: 21, is_exclusive: false } }
[2022-08-16 00:09:40] DEBUG - received frame=WindowUpdate { stream_id: StreamId(73), size_increment: 12451840 }
[2022-08-16 00:09:40] DEBUG - received frame=Data { stream_id: StreamId(73), flags: (0x1: END_STREAM) }
[2022-08-16 00:09:40] DEBUG - send frame=WindowUpdate { stream_id: StreamId(0), size_increment: 22020 }
[2022-08-16 00:09:40] DEBUG - send frame=Headers { stream_id: StreamId(73), flags: (0x4: END_HEADERS) }
[2022-08-16 00:09:40] DEBUG - send frame=Data { stream_id: StreamId(73) }
[2022-08-16 00:09:40] DEBUG - send frame=Data { stream_id: StreamId(73) }
[2022-08-16 00:09:40] DEBUG - send frame=Data { stream_id: StreamId(73), flags: (0x1: END_STREAM) }
[2022-08-16 00:09:41] DEBUG - send frame=Ping { ack: false, payload: [59, 124, 219, 122, 11, 135, 22, 180] }
[2022-08-16 00:09:41] DEBUG - received frame=Ping { ack: true, payload: [59, 124, 219, 122, 11, 135, 22, 180] }
[2022-08-16 00:09:43] DEBUG - received frame=Headers { stream_id: StreamId(75), flags: (0x24: END_HEADERS | PRIORITY), stream_dep: StreamDependency { dependency_id: StreamId(7), weight: 21, is_exclusive: false } }
[2022-08-16 00:09:43] DEBUG - received frame=WindowUpdate { stream_id: StreamId(75), size_increment: 12451840 }
[2022-08-16 00:09:43] DEBUG - received frame=Data { stream_id: StreamId(75), flags: (0x1: END_STREAM) }
[2022-08-16 00:09:43] DEBUG - send frame=Headers { stream_id: StreamId(75), flags: (0x4: END_HEADERS) }
[2022-08-16 00:09:43] DEBUG - send frame=Data { stream_id: StreamId(75) }
[2022-08-16 00:09:43] DEBUG - send frame=Data { stream_id: StreamId(75) }
[2022-08-16 00:09:43] DEBUG - send frame=Data { stream_id: StreamId(75), flags: (0x1: END_STREAM) }
[2022-08-16 00:09:46] DEBUG - received frame=Headers { stream_id: StreamId(77), flags: (0x24: END_HEADERS | PRIORITY), stream_dep: StreamDependency { dependency_id: StreamId(7), weight: 21, is_exclusive: false } }
[2022-08-16 00:09:46] DEBUG - received frame=WindowUpdate { stream_id: StreamId(77), size_increment: 12451840 }
[2022-08-16 00:09:46] DEBUG - received frame=Data { stream_id: StreamId(77), flags: (0x1: END_STREAM) }
[2022-08-16 00:09:46] DEBUG - send frame=Headers { stream_id: StreamId(77), flags: (0x4: END_HEADERS) }
[2022-08-16 00:09:46] DEBUG - send frame=Data { stream_id: StreamId(77) }
[2022-08-16 00:09:46] DEBUG - send frame=Data { stream_id: StreamId(77) }
[2022-08-16 00:09:46] DEBUG - send frame=Data { stream_id: StreamId(77), flags: (0x1: END_STREAM) }
[2022-08-16 00:09:50] DEBUG - received frame=Headers { stream_id: StreamId(79), flags: (0x24: END_HEADERS | PRIORITY), stream_dep: StreamDependency { dependency_id: StreamId(7), weight: 21, is_exclusive: false } }
[2022-08-16 00:09:50] DEBUG - received frame=WindowUpdate { stream_id: StreamId(79), size_increment: 12451840 }
[2022-08-16 00:09:50] DEBUG - received frame=Data { stream_id: StreamId(79), flags: (0x1: END_STREAM) }
[2022-08-16 00:09:50] DEBUG - send frame=Headers { stream_id: StreamId(79), flags: (0x4: END_HEADERS) }
[2022-08-16 00:09:50] DEBUG - send frame=Data { stream_id: StreamId(79) }
[2022-08-16 00:09:50] DEBUG - send frame=Data { stream_id: StreamId(79) }
[2022-08-16 00:09:50] DEBUG - send frame=Data { stream_id: StreamId(79), flags: (0x1: END_STREAM) }
[2022-08-16 00:09:50] DEBUG - received frame=Headers { stream_id: StreamId(81), flags: (0x24: END_HEADERS | PRIORITY), stream_dep: StreamDependency { dependency_id: StreamId(13), weight: 41, is_exclusive: false } }
[2022-08-16 00:09:50] DEBUG - received frame=WindowUpdate { stream_id: StreamId(81), size_increment: 12451840 }
[2022-08-16 00:09:50] DEBUG - received frame=Data { stream_id: StreamId(81), flags: (0x1: END_STREAM) }
[2022-08-16 00:09:50] DEBUG - send frame=Headers { stream_id: StreamId(81), flags: (0x4: END_HEADERS) }
[2022-08-16 00:09:50] DEBUG - send frame=Data { stream_id: StreamId(81) }
[2022-08-16 00:09:50] DEBUG - send frame=Data { stream_id: StreamId(81), flags: (0x1: END_STREAM) }
[2022-08-16 00:09:51] DEBUG - received frame=Headers { stream_id: StreamId(83), flags: (0x24: END_HEADERS | PRIORITY), stream_dep: StreamDependency { dependency_id: StreamId(13), weight: 41, is_exclusive: false } }
[2022-08-16 00:09:51] DEBUG - received frame=WindowUpdate { stream_id: StreamId(83), size_increment: 12451840 }
[2022-08-16 00:09:51] DEBUG - received frame=Data { stream_id: StreamId(83), flags: (0x1: END_STREAM) }
[2022-08-16 00:09:51] DEBUG - send frame=Headers { stream_id: StreamId(83), flags: (0x4: END_HEADERS) }
[2022-08-16 00:09:51] DEBUG - send frame=Data { stream_id: StreamId(83) }
[2022-08-16 00:09:51] DEBUG - send frame=Data { stream_id: StreamId(83), flags: (0x1: END_STREAM) }
[2022-08-16 00:09:52] DEBUG - received frame=Headers { stream_id: StreamId(85), flags: (0x24: END_HEADERS | PRIORITY), stream_dep: StreamDependency { dependency_id: StreamId(13), weight: 41, is_exclusive: false } }
[2022-08-16 00:09:52] DEBUG - received frame=WindowUpdate { stream_id: StreamId(85), size_increment: 12451840 }
[2022-08-16 00:09:52] DEBUG - received frame=Data { stream_id: StreamId(85), flags: (0x1: END_STREAM) }
[2022-08-16 00:09:52] DEBUG - send frame=Headers { stream_id: StreamId(85), flags: (0x4: END_HEADERS) }
[2022-08-16 00:09:52] DEBUG - send frame=Data { stream_id: StreamId(85) }
[2022-08-16 00:09:52] DEBUG - send frame=Data { stream_id: StreamId(85), flags: (0x1: END_STREAM) }
[2022-08-16 00:09:52] DEBUG - received frame=Headers { stream_id: StreamId(87), flags: (0x24: END_HEADERS | PRIORITY), stream_dep: StreamDependency { dependency_id: StreamId(7), weight: 21, is_exclusive: false } }
[2022-08-16 00:09:52] DEBUG - received frame=WindowUpdate { stream_id: StreamId(87), size_increment: 12451840 }
[2022-08-16 00:09:52] DEBUG - received frame=Data { stream_id: StreamId(87), flags: (0x1: END_STREAM) }
[2022-08-16 00:09:52] DEBUG - send frame=Headers { stream_id: StreamId(87), flags: (0x4: END_HEADERS) }
[2022-08-16 00:09:52] DEBUG - send frame=Data { stream_id: StreamId(87) }
[2022-08-16 00:09:52] DEBUG - send frame=Data { stream_id: StreamId(87) }
[2022-08-16 00:09:52] DEBUG - send frame=Data { stream_id: StreamId(87), flags: (0x1: END_STREAM) }
[2022-08-16 00:09:54] DEBUG - received frame=Headers { stream_id: StreamId(89), flags: (0x24: END_HEADERS | PRIORITY), stream_dep: StreamDependency { dependency_id: StreamId(7), weight: 21, is_exclusive: false } }
[2022-08-16 00:09:54] DEBUG - received frame=WindowUpdate { stream_id: StreamId(89), size_increment: 12451840 }
[2022-08-16 00:09:54] DEBUG - received frame=Data { stream_id: StreamId(89), flags: (0x1: END_STREAM) }
[2022-08-16 00:09:54] DEBUG - send frame=Headers { stream_id: StreamId(89), flags: (0x4: END_HEADERS) }
[2022-08-16 00:09:54] DEBUG - send frame=Data { stream_id: StreamId(89) }
[2022-08-16 00:09:54] DEBUG - send frame=Data { stream_id: StreamId(89) }
[2022-08-16 00:09:54] DEBUG - send frame=Data { stream_id: StreamId(89), flags: (0x1: END_STREAM) }
[2022-08-16 00:09:56] DEBUG - received frame=Headers { stream_id: StreamId(91), flags: (0x24: END_HEADERS | PRIORITY), stream_dep: StreamDependency { dependency_id: StreamId(7), weight: 21, is_exclusive: false } }
[2022-08-16 00:09:56] DEBUG - received frame=WindowUpdate { stream_id: StreamId(91), size_increment: 12451840 }
[2022-08-16 00:09:56] DEBUG - received frame=Data { stream_id: StreamId(91), flags: (0x1: END_STREAM) }
[2022-08-16 00:09:56] DEBUG - send frame=Headers { stream_id: StreamId(91), flags: (0x4: END_HEADERS) }
[2022-08-16 00:09:56] DEBUG - send frame=Data { stream_id: StreamId(91) }
[2022-08-16 00:09:56] DEBUG - send frame=Data { stream_id: StreamId(91) }
[2022-08-16 00:09:56] DEBUG - send frame=Data { stream_id: StreamId(91), flags: (0x1: END_STREAM) }
[2022-08-16 00:09:58] DEBUG - received frame=Headers { stream_id: StreamId(93), flags: (0x24: END_HEADERS | PRIORITY), stream_dep: StreamDependency { dependency_id: StreamId(7), weight: 21, is_exclusive: false } }
[2022-08-16 00:09:58] DEBUG - received frame=WindowUpdate { stream_id: StreamId(93), size_increment: 12451840 }
[2022-08-16 00:09:58] DEBUG - received frame=Data { stream_id: StreamId(93), flags: (0x1: END_STREAM) }
[2022-08-16 00:09:58] DEBUG - send frame=Headers { stream_id: StreamId(93), flags: (0x4: END_HEADERS) }
[2022-08-16 00:09:58] DEBUG - send frame=Data { stream_id: StreamId(93) }
[2022-08-16 00:09:58] DEBUG - send frame=Data { stream_id: StreamId(93) }
[2022-08-16 00:09:58] DEBUG - send frame=Data { stream_id: StreamId(93), flags: (0x1: END_STREAM) }
[2022-08-16 00:09:59] DEBUG - received frame=Headers { stream_id: StreamId(95), flags: (0x25: END_HEADERS | END_STREAM | PRIORITY), stream_dep: StreamDependency { dependency_id: StreamId(13), weight: 41, is_exclusive: false } }
[2022-08-16 00:09:59] DEBUG - received frame=WindowUpdate { stream_id: StreamId(95), size_increment: 12451840 }
[2022-08-16 00:09:59] DEBUG - send frame=Headers { stream_id: StreamId(95), flags: (0x4: END_HEADERS) }
[2022-08-16 00:09:59] DEBUG - send frame=Data { stream_id: StreamId(95) }
[2022-08-16 00:09:59] DEBUG - send frame=Data { stream_id: StreamId(95) }
[2022-08-16 00:09:59] DEBUG - send frame=Data { stream_id: StreamId(95), flags: (0x1: END_STREAM) }
[2022-08-16 00:10:00] DEBUG - received frame=Headers { stream_id: StreamId(97), flags: (0x24: END_HEADERS | PRIORITY), stream_dep: StreamDependency { dependency_id: StreamId(7), weight: 21, is_exclusive: false } }
[2022-08-16 00:10:00] DEBUG - received frame=WindowUpdate { stream_id: StreamId(97), size_increment: 12451840 }
[2022-08-16 00:10:00] DEBUG - received frame=Data { stream_id: StreamId(97), flags: (0x1: END_STREAM) }
[2022-08-16 00:10:01] DEBUG - send frame=Headers { stream_id: StreamId(97), flags: (0x4: END_HEADERS) }
[2022-08-16 00:10:01] DEBUG - send frame=Data { stream_id: StreamId(97) }
[2022-08-16 00:10:01] DEBUG - send frame=Data { stream_id: StreamId(97) }
[2022-08-16 00:10:01] DEBUG - send frame=Data { stream_id: StreamId(97), flags: (0x1: END_STREAM) }
[2022-08-16 00:10:02] DEBUG - received frame=Headers { stream_id: StreamId(99), flags: (0x24: END_HEADERS | PRIORITY), stream_dep: StreamDependency { dependency_id: StreamId(7), weight: 21, is_exclusive: false } }
[2022-08-16 00:10:02] DEBUG - received frame=WindowUpdate { stream_id: StreamId(99), size_increment: 12451840 }
[2022-08-16 00:10:02] DEBUG - received frame=Data { stream_id: StreamId(99), flags: (0x1: END_STREAM) }
[2022-08-16 00:10:02] DEBUG - send frame=Headers { stream_id: StreamId(99), flags: (0x4: END_HEADERS) }
[2022-08-16 00:10:02] DEBUG - send frame=Data { stream_id: StreamId(99) }
[2022-08-16 00:10:02] DEBUG - send frame=Data { stream_id: StreamId(99) }
[2022-08-16 00:10:02] DEBUG - send frame=Data { stream_id: StreamId(99), flags: (0x1: END_STREAM) }
[2022-08-16 00:10:04] DEBUG - received frame=Headers { stream_id: StreamId(101), flags: (0x24: END_HEADERS | PRIORITY), stream_dep: StreamDependency { dependency_id: StreamId(7), weight: 21, is_exclusive: false } }
[2022-08-16 00:10:04] DEBUG - received frame=WindowUpdate { stream_id: StreamId(101), size_increment: 12451840 }
[2022-08-16 00:10:04] DEBUG - received frame=Data { stream_id: StreamId(101), flags: (0x1: END_STREAM) }
[2022-08-16 00:10:04] DEBUG - send frame=Headers { stream_id: StreamId(101), flags: (0x4: END_HEADERS) }
[2022-08-16 00:10:04] DEBUG - send frame=Data { stream_id: StreamId(101) }
[2022-08-16 00:10:04] DEBUG - send frame=Data { stream_id: StreamId(101) }
[2022-08-16 00:10:04] DEBUG - send frame=Data { stream_id: StreamId(101), flags: (0x1: END_STREAM) }
[2022-08-16 00:10:06] DEBUG - received frame=Headers { stream_id: StreamId(103), flags: (0x24: END_HEADERS | PRIORITY), stream_dep: StreamDependency { dependency_id: StreamId(7), weight: 21, is_exclusive: false } }
[2022-08-16 00:10:06] DEBUG - received frame=WindowUpdate { stream_id: StreamId(103), size_increment: 12451840 }
[2022-08-16 00:10:06] DEBUG - received frame=Data { stream_id: StreamId(103), flags: (0x1: END_STREAM) }
[2022-08-16 00:10:06] DEBUG - send frame=Headers { stream_id: StreamId(103), flags: (0x4: END_HEADERS) }
[2022-08-16 00:10:06] DEBUG - send frame=Data { stream_id: StreamId(103) }
[2022-08-16 00:10:06] DEBUG - send frame=Data { stream_id: StreamId(103) }
[2022-08-16 00:10:06] DEBUG - send frame=Data { stream_id: StreamId(103), flags: (0x1: END_STREAM) }
[2022-08-16 00:10:08] DEBUG - received frame=Headers { stream_id: StreamId(105), flags: (0x24: END_HEADERS | PRIORITY), stream_dep: StreamDependency { dependency_id: StreamId(7), weight: 21, is_exclusive: false } }
[2022-08-16 00:10:08] DEBUG - received frame=WindowUpdate { stream_id: StreamId(105), size_increment: 12451840 }
[2022-08-16 00:10:08] DEBUG - received frame=Data { stream_id: StreamId(105), flags: (0x1: END_STREAM) }
[2022-08-16 00:10:08] DEBUG - send frame=Headers { stream_id: StreamId(105), flags: (0x4: END_HEADERS) }
[2022-08-16 00:10:08] DEBUG - send frame=Data { stream_id: StreamId(105) }
[2022-08-16 00:10:08] DEBUG - send frame=Data { stream_id: StreamId(105) }
[2022-08-16 00:10:08] DEBUG - send frame=Data { stream_id: StreamId(105), flags: (0x1: END_STREAM) }
[2022-08-16 00:10:10] DEBUG - received frame=Headers { stream_id: StreamId(107), flags: (0x24: END_HEADERS | PRIORITY), stream_dep: StreamDependency { dependency_id: StreamId(7), weight: 21, is_exclusive: false } }
[2022-08-16 00:10:10] DEBUG - received frame=WindowUpdate { stream_id: StreamId(107), size_increment: 12451840 }
[2022-08-16 00:10:10] DEBUG - received frame=Data { stream_id: StreamId(107), flags: (0x1: END_STREAM) }
[2022-08-16 00:10:10] DEBUG - send frame=Headers { stream_id: StreamId(107), flags: (0x4: END_HEADERS) }
[2022-08-16 00:10:10] DEBUG - send frame=Data { stream_id: StreamId(107) }
[2022-08-16 00:10:10] DEBUG - send frame=Data { stream_id: StreamId(107) }
[2022-08-16 00:10:10] DEBUG - send frame=Data { stream_id: StreamId(107), flags: (0x1: END_STREAM) }
[2022-08-16 00:10:11] DEBUG - send frame=Ping { ack: false, payload: [59, 124, 219, 122, 11, 135, 22, 180] }
[2022-08-16 00:10:11] DEBUG - received frame=Ping { ack: true, payload: [59, 124, 219, 122, 11, 135, 22, 180] }
[2022-08-16 00:10:12] DEBUG - received frame=Headers { stream_id: StreamId(109), flags: (0x24: END_HEADERS | PRIORITY), stream_dep: StreamDependency { dependency_id: StreamId(7), weight: 21, is_exclusive: false } }
[2022-08-16 00:10:12] DEBUG - received frame=WindowUpdate { stream_id: StreamId(109), size_increment: 12451840 }
[2022-08-16 00:10:12] DEBUG - received frame=Data { stream_id: StreamId(109), flags: (0x1: END_STREAM) }
[2022-08-16 00:10:12] DEBUG - send frame=Headers { stream_id: StreamId(109), flags: (0x4: END_HEADERS) }
[2022-08-16 00:10:12] DEBUG - send frame=Data { stream_id: StreamId(109) }
[2022-08-16 00:10:12] DEBUG - send frame=Data { stream_id: StreamId(109) }
[2022-08-16 00:10:12] DEBUG - send frame=Data { stream_id: StreamId(109), flags: (0x1: END_STREAM) }
[2022-08-16 00:10:14] DEBUG - received frame=Headers { stream_id: StreamId(111), flags: (0x24: END_HEADERS | PRIORITY), stream_dep: StreamDependency { dependency_id: StreamId(7), weight: 21, is_exclusive: false } }
[2022-08-16 00:10:14] DEBUG - received frame=WindowUpdate { stream_id: StreamId(111), size_increment: 12451840 }
[2022-08-16 00:10:14] DEBUG - received frame=Data { stream_id: StreamId(111), flags: (0x1: END_STREAM) }
[2022-08-16 00:10:14] DEBUG - send frame=WindowUpdate { stream_id: StreamId(0), size_increment: 22545 }
[2022-08-16 00:10:14] DEBUG - send frame=Headers { stream_id: StreamId(111), flags: (0x4: END_HEADERS) }
[2022-08-16 00:10:14] DEBUG - send frame=Data { stream_id: StreamId(111) }
[2022-08-16 00:10:14] DEBUG - send frame=Data { stream_id: StreamId(111) }
[2022-08-16 00:10:14] DEBUG - send frame=Data { stream_id: StreamId(111), flags: (0x1: END_STREAM) }
[2022-08-16 00:10:16] DEBUG - received frame=Headers { stream_id: StreamId(113), flags: (0x24: END_HEADERS | PRIORITY), stream_dep: StreamDependency { dependency_id: StreamId(7), weight: 21, is_exclusive: false } }
[2022-08-16 00:10:16] DEBUG - received frame=WindowUpdate { stream_id: StreamId(113), size_increment: 12451840 }
[2022-08-16 00:10:16] DEBUG - received frame=Data { stream_id: StreamId(113), flags: (0x1: END_STREAM) }
[2022-08-16 00:10:16] DEBUG - send frame=Headers { stream_id: StreamId(113), flags: (0x4: END_HEADERS) }
[2022-08-16 00:10:16] DEBUG - send frame=Data { stream_id: StreamId(113) }
[2022-08-16 00:10:16] DEBUG - send frame=Data { stream_id: StreamId(113) }
[2022-08-16 00:10:16] DEBUG - send frame=Data { stream_id: StreamId(113), flags: (0x1: END_STREAM) }
[2022-08-16 00:10:18] DEBUG - received frame=Headers { stream_id: StreamId(115), flags: (0x24: END_HEADERS | PRIORITY), stream_dep: StreamDependency { dependency_id: StreamId(7), weight: 21, is_exclusive: false } }
[2022-08-16 00:10:18] DEBUG - received frame=WindowUpdate { stream_id: StreamId(115), size_increment: 12451840 }
[2022-08-16 00:10:18] DEBUG - received frame=Data { stream_id: StreamId(115), flags: (0x1: END_STREAM) }
[2022-08-16 00:10:18] DEBUG - send frame=Headers { stream_id: StreamId(115), flags: (0x4: END_HEADERS) }
[2022-08-16 00:10:18] DEBUG - send frame=Data { stream_id: StreamId(115) }
[2022-08-16 00:10:18] DEBUG - send frame=Data { stream_id: StreamId(115) }
[2022-08-16 00:10:18] DEBUG - send frame=Data { stream_id: StreamId(115), flags: (0x1: END_STREAM) }
[2022-08-16 00:10:20] DEBUG - received frame=Headers { stream_id: StreamId(117), flags: (0x24: END_HEADERS | PRIORITY), stream_dep: StreamDependency { dependency_id: StreamId(7), weight: 21, is_exclusive: false } }
[2022-08-16 00:10:20] DEBUG - received frame=WindowUpdate { stream_id: StreamId(117), size_increment: 12451840 }
[2022-08-16 00:10:20] DEBUG - received frame=Data { stream_id: StreamId(117), flags: (0x1: END_STREAM) }
[2022-08-16 00:10:20] DEBUG - send frame=Headers { stream_id: StreamId(117), flags: (0x4: END_HEADERS) }
[2022-08-16 00:10:20] DEBUG - send frame=Data { stream_id: StreamId(117) }
[2022-08-16 00:10:20] DEBUG - send frame=Data { stream_id: StreamId(117) }
[2022-08-16 00:10:20] DEBUG - send frame=Data { stream_id: StreamId(117), flags: (0x1: END_STREAM) }
[2022-08-16 00:10:23] DEBUG - received frame=Headers { stream_id: StreamId(119), flags: (0x24: END_HEADERS | PRIORITY), stream_dep: StreamDependency { dependency_id: StreamId(7), weight: 21, is_exclusive: false } }
[2022-08-16 00:10:23] DEBUG - received frame=WindowUpdate { stream_id: StreamId(119), size_increment: 12451840 }
[2022-08-16 00:10:23] DEBUG - received frame=Data { stream_id: StreamId(119), flags: (0x1: END_STREAM) }
[2022-08-16 00:10:23] DEBUG - send frame=Headers { stream_id: StreamId(119), flags: (0x4: END_HEADERS) }
[2022-08-16 00:10:23] DEBUG - send frame=Data { stream_id: StreamId(119) }
[2022-08-16 00:10:23] DEBUG - send frame=Data { stream_id: StreamId(119) }
[2022-08-16 00:10:23] DEBUG - send frame=Data { stream_id: StreamId(119), flags: (0x1: END_STREAM) }
[2022-08-16 00:10:25] DEBUG - received frame=Headers { stream_id: StreamId(121), flags: (0x24: END_HEADERS | PRIORITY), stream_dep: StreamDependency { dependency_id: StreamId(7), weight: 21, is_exclusive: false } }
[2022-08-16 00:10:25] DEBUG - received frame=WindowUpdate { stream_id: StreamId(121), size_increment: 12451840 }
[2022-08-16 00:10:25] DEBUG - received frame=Data { stream_id: StreamId(121), flags: (0x1: END_STREAM) }
[2022-08-16 00:10:25] DEBUG - send frame=Headers { stream_id: StreamId(121), flags: (0x4: END_HEADERS) }
[2022-08-16 00:10:25] DEBUG - send frame=Data { stream_id: StreamId(121) }
[2022-08-16 00:10:25] DEBUG - send frame=Data { stream_id: StreamId(121) }
[2022-08-16 00:10:25] DEBUG - send frame=Data { stream_id: StreamId(121), flags: (0x1: END_STREAM) }
[2022-08-16 00:10:27] DEBUG - received frame=Headers { stream_id: StreamId(123), flags: (0x24: END_HEADERS | PRIORITY), stream_dep: StreamDependency { dependency_id: StreamId(7), weight: 21, is_exclusive: false } }
[2022-08-16 00:10:27] DEBUG - received frame=WindowUpdate { stream_id: StreamId(123), size_increment: 12451840 }
[2022-08-16 00:10:27] DEBUG - received frame=Data { stream_id: StreamId(123), flags: (0x1: END_STREAM) }
[2022-08-16 00:10:27] DEBUG - send frame=Headers { stream_id: StreamId(123), flags: (0x4: END_HEADERS) }
[2022-08-16 00:10:27] DEBUG - send frame=Data { stream_id: StreamId(123) }
[2022-08-16 00:10:27] DEBUG - send frame=Data { stream_id: StreamId(123) }
[2022-08-16 00:10:27] DEBUG - send frame=Data { stream_id: StreamId(123), flags: (0x1: END_STREAM) }
[2022-08-16 00:10:29] DEBUG - received frame=Headers { stream_id: StreamId(125), flags: (0x24: END_HEADERS | PRIORITY), stream_dep: StreamDependency { dependency_id: StreamId(7), weight: 21, is_exclusive: false } }
[2022-08-16 00:10:29] DEBUG - received frame=WindowUpdate { stream_id: StreamId(125), size_increment: 12451840 }
[2022-08-16 00:10:29] DEBUG - received frame=Data { stream_id: StreamId(125), flags: (0x1: END_STREAM) }
[2022-08-16 00:10:29] DEBUG - send frame=Headers { stream_id: StreamId(125), flags: (0x4: END_HEADERS) }
[2022-08-16 00:10:29] DEBUG - send frame=Data { stream_id: StreamId(125) }
[2022-08-16 00:10:29] DEBUG - send frame=Data { stream_id: StreamId(125) }
[2022-08-16 00:10:29] DEBUG - send frame=Data { stream_id: StreamId(125), flags: (0x1: END_STREAM) }
[2022-08-16 00:10:31] DEBUG - received frame=Headers { stream_id: StreamId(127), flags: (0x24: END_HEADERS | PRIORITY), stream_dep: StreamDependency { dependency_id: StreamId(7), weight: 21, is_exclusive: false } }
[2022-08-16 00:10:31] DEBUG - received frame=WindowUpdate { stream_id: StreamId(127), size_increment: 12451840 }
[2022-08-16 00:10:31] DEBUG - received frame=Data { stream_id: StreamId(127), flags: (0x1: END_STREAM) }
[2022-08-16 00:10:31] DEBUG - send frame=Headers { stream_id: StreamId(127), flags: (0x4: END_HEADERS) }
[2022-08-16 00:10:31] DEBUG - send frame=Data { stream_id: StreamId(127) }
[2022-08-16 00:10:31] DEBUG - send frame=Data { stream_id: StreamId(127) }
[2022-08-16 00:10:31] DEBUG - send frame=Data { stream_id: StreamId(127), flags: (0x1: END_STREAM) }
[2022-08-16 00:10:33] DEBUG - received frame=Headers { stream_id: StreamId(129), flags: (0x24: END_HEADERS | PRIORITY), stream_dep: StreamDependency { dependency_id: StreamId(7), weight: 21, is_exclusive: false } }
[2022-08-16 00:10:33] DEBUG - received frame=WindowUpdate { stream_id: StreamId(129), size_increment: 12451840 }
[2022-08-16 00:10:33] DEBUG - received frame=Data { stream_id: StreamId(129), flags: (0x1: END_STREAM) }
[2022-08-16 00:10:33] DEBUG - send frame=Headers { stream_id: StreamId(129), flags: (0x4: END_HEADERS) }
[2022-08-16 00:10:33] DEBUG - send frame=Data { stream_id: StreamId(129) }
[2022-08-16 00:10:33] DEBUG - send frame=Data { stream_id: StreamId(129) }
[2022-08-16 00:10:33] DEBUG - send frame=Data { stream_id: StreamId(129), flags: (0x1: END_STREAM) }
[2022-08-16 00:10:35] DEBUG - received frame=Headers { stream_id: StreamId(131), flags: (0x24: END_HEADERS | PRIORITY), stream_dep: StreamDependency { dependency_id: StreamId(7), weight: 21, is_exclusive: false } }
[2022-08-16 00:10:35] DEBUG - received frame=WindowUpdate { stream_id: StreamId(131), size_increment: 12451840 }
[2022-08-16 00:10:35] DEBUG - received frame=Data { stream_id: StreamId(131), flags: (0x1: END_STREAM) }
[2022-08-16 00:10:35] DEBUG - send frame=Headers { stream_id: StreamId(131), flags: (0x4: END_HEADERS) }
[2022-08-16 00:10:35] DEBUG - send frame=Data { stream_id: StreamId(131) }
[2022-08-16 00:10:35] DEBUG - send frame=Data { stream_id: StreamId(131) }
[2022-08-16 00:10:35] DEBUG - send frame=Data { stream_id: StreamId(131), flags: (0x1: END_STREAM) }
[2022-08-16 00:10:37] DEBUG - received frame=Headers { stream_id: StreamId(133), flags: (0x24: END_HEADERS | PRIORITY), stream_dep: StreamDependency { dependency_id: StreamId(7), weight: 21, is_exclusive: false } }
[2022-08-16 00:10:37] DEBUG - received frame=WindowUpdate { stream_id: StreamId(133), size_increment: 12451840 }
[2022-08-16 00:10:37] DEBUG - received frame=Data { stream_id: StreamId(133), flags: (0x1: END_STREAM) }
[2022-08-16 00:10:37] DEBUG - send frame=Headers { stream_id: StreamId(133), flags: (0x4: END_HEADERS) }
[2022-08-16 00:10:37] DEBUG - send frame=Data { stream_id: StreamId(133) }
[2022-08-16 00:10:37] DEBUG - send frame=Data { stream_id: StreamId(133) }
[2022-08-16 00:10:37] DEBUG - send frame=Data { stream_id: StreamId(133), flags: (0x1: END_STREAM) }
[2022-08-16 00:10:39] DEBUG - received frame=Headers { stream_id: StreamId(135), flags: (0x24: END_HEADERS | PRIORITY), stream_dep: StreamDependency { dependency_id: StreamId(7), weight: 21, is_exclusive: false } }
[2022-08-16 00:10:39] DEBUG - received frame=WindowUpdate { stream_id: StreamId(135), size_increment: 12451840 }
[2022-08-16 00:10:39] DEBUG - received frame=Data { stream_id: StreamId(135), flags: (0x1: END_STREAM) }
[2022-08-16 00:10:39] DEBUG - send frame=Headers { stream_id: StreamId(135), flags: (0x4: END_HEADERS) }
[2022-08-16 00:10:39] DEBUG - send frame=Data { stream_id: StreamId(135) }
[2022-08-16 00:10:39] DEBUG - send frame=Data { stream_id: StreamId(135) }
[2022-08-16 00:10:39] DEBUG - send frame=Data { stream_id: StreamId(135), flags: (0x1: END_STREAM) }
[2022-08-16 00:10:41] DEBUG - send frame=Ping { ack: false, payload: [59, 124, 219, 122, 11, 135, 22, 180] }
[2022-08-16 00:10:41] DEBUG - received frame=Ping { ack: true, payload: [59, 124, 219, 122, 11, 135, 22, 180] }
[2022-08-16 00:10:41] DEBUG - received frame=Headers { stream_id: StreamId(137), flags: (0x24: END_HEADERS | PRIORITY), stream_dep: StreamDependency { dependency_id: StreamId(7), weight: 21, is_exclusive: false } }
[2022-08-16 00:10:41] DEBUG - received frame=WindowUpdate { stream_id: StreamId(137), size_increment: 12451840 }
[2022-08-16 00:10:41] DEBUG - received frame=Data { stream_id: StreamId(137), flags: (0x1: END_STREAM) }
[2022-08-16 00:10:41] DEBUG - send frame=Headers { stream_id: StreamId(137), flags: (0x4: END_HEADERS) }
[2022-08-16 00:10:41] DEBUG - send frame=Data { stream_id: StreamId(137) }
[2022-08-16 00:10:41] DEBUG - send frame=Data { stream_id: StreamId(137) }
[2022-08-16 00:10:41] DEBUG - send frame=Data { stream_id: StreamId(137), flags: (0x1: END_STREAM) }
[2022-08-16 00:10:43] DEBUG - received frame=Headers { stream_id: StreamId(139), flags: (0x24: END_HEADERS | PRIORITY), stream_dep: StreamDependency { dependency_id: StreamId(7), weight: 21, is_exclusive: false } }
[2022-08-16 00:10:43] DEBUG - received frame=WindowUpdate { stream_id: StreamId(139), size_increment: 12451840 }
[2022-08-16 00:10:43] DEBUG - received frame=Data { stream_id: StreamId(139), flags: (0x1: END_STREAM) }
[2022-08-16 00:10:43] DEBUG - send frame=Headers { stream_id: StreamId(139), flags: (0x4: END_HEADERS) }
[2022-08-16 00:10:43] DEBUG - send frame=Data { stream_id: StreamId(139) }
[2022-08-16 00:10:43] DEBUG - send frame=Data { stream_id: StreamId(139) }
[2022-08-16 00:10:43] DEBUG - send frame=Data { stream_id: StreamId(139), flags: (0x1: END_STREAM) }
[2022-08-16 00:10:45] DEBUG - received frame=Headers { stream_id: StreamId(141), flags: (0x24: END_HEADERS | PRIORITY), stream_dep: StreamDependency { dependency_id: StreamId(7), weight: 21, is_exclusive: false } }
[2022-08-16 00:10:45] DEBUG - received frame=WindowUpdate { stream_id: StreamId(141), size_increment: 12451840 }
[2022-08-16 00:10:45] DEBUG - received frame=Data { stream_id: StreamId(141), flags: (0x1: END_STREAM) }
[2022-08-16 00:10:45] DEBUG - send frame=WindowUpdate { stream_id: StreamId(0), size_increment: 22020 }
[2022-08-16 00:10:45] DEBUG - send frame=Headers { stream_id: StreamId(141), flags: (0x4: END_HEADERS) }
[2022-08-16 00:10:45] DEBUG - send frame=Data { stream_id: StreamId(141) }
[2022-08-16 00:10:45] DEBUG - send frame=Data { stream_id: StreamId(141) }
[2022-08-16 00:10:45] DEBUG - send frame=Data { stream_id: StreamId(141), flags: (0x1: END_STREAM) }
[2022-08-16 00:10:47] DEBUG - received frame=Headers { stream_id: StreamId(143), flags: (0x24: END_HEADERS | PRIORITY), stream_dep: StreamDependency { dependency_id: StreamId(7), weight: 21, is_exclusive: false } }
[2022-08-16 00:10:47] DEBUG - received frame=WindowUpdate { stream_id: StreamId(143), size_increment: 12451840 }
[2022-08-16 00:10:47] DEBUG - received frame=Data { stream_id: StreamId(143), flags: (0x1: END_STREAM) }
[2022-08-16 00:10:47] DEBUG - send frame=Headers { stream_id: StreamId(143), flags: (0x4: END_HEADERS) }
[2022-08-16 00:10:47] DEBUG - send frame=Data { stream_id: StreamId(143) }
[2022-08-16 00:10:47] DEBUG - send frame=Data { stream_id: StreamId(143) }
[2022-08-16 00:10:47] DEBUG - send frame=Data { stream_id: StreamId(143), flags: (0x1: END_STREAM) }
[2022-08-16 00:10:49] DEBUG - received frame=Headers { stream_id: StreamId(145), flags: (0x24: END_HEADERS | PRIORITY), stream_dep: StreamDependency { dependency_id: StreamId(7), weight: 21, is_exclusive: false } }
[2022-08-16 00:10:49] DEBUG - received frame=WindowUpdate { stream_id: StreamId(145), size_increment: 12451840 }
[2022-08-16 00:10:49] DEBUG - received frame=Data { stream_id: StreamId(145), flags: (0x1: END_STREAM) }
[2022-08-16 00:10:49] DEBUG - send frame=Headers { stream_id: StreamId(145), flags: (0x4: END_HEADERS) }
[2022-08-16 00:10:49] DEBUG - send frame=Data { stream_id: StreamId(145) }
[2022-08-16 00:10:49] DEBUG - send frame=Data { stream_id: StreamId(145) }
[2022-08-16 00:10:49] DEBUG - send frame=Data { stream_id: StreamId(145), flags: (0x1: END_STREAM) }
[2022-08-16 00:10:51] DEBUG - received frame=Headers { stream_id: StreamId(147), flags: (0x24: END_HEADERS | PRIORITY), stream_dep: StreamDependency { dependency_id: StreamId(7), weight: 21, is_exclusive: false } }
[2022-08-16 00:10:51] DEBUG - received frame=WindowUpdate { stream_id: StreamId(147), size_increment: 12451840 }
[2022-08-16 00:10:51] DEBUG - received frame=Data { stream_id: StreamId(147), flags: (0x1: END_STREAM) }
[2022-08-16 00:10:51] DEBUG - send frame=Headers { stream_id: StreamId(147), flags: (0x4: END_HEADERS) }
[2022-08-16 00:10:51] DEBUG - send frame=Data { stream_id: StreamId(147) }
[2022-08-16 00:10:51] DEBUG - send frame=Data { stream_id: StreamId(147) }
[2022-08-16 00:10:51] DEBUG - send frame=Data { stream_id: StreamId(147), flags: (0x1: END_STREAM) }
[2022-08-16 00:10:53] INFO - SIGINT received; starting forced shutdown
[2022-08-16 00:10:53] DEBUG - Paused accepting connections on 0.0.0.0:8643
[2022-08-16 00:10:53] INFO - Shutting down idle worker
[2022-08-16 00:10:53] INFO - Force shutdown worker, closing 1 connections
[2022-08-16 00:10:53] INFO - Force shutdown worker, closing 1 connections
[2022-08-16 00:10:53] INFO - Shutting down idle worker
[2022-08-16 00:10:53] INFO - Shutting down idle worker
[2022-08-16 00:10:53] INFO - Shutting down idle worker
[2022-08-16 00:10:53] INFO - Accept thread stopped
